\BOOKMARK [0][]{section*.4}{List of Figures}{}% 1
\BOOKMARK [0][]{section*.6}{List of Tables}{}% 2
\BOOKMARK [0][]{chapter.1}{1 Introduction}{}% 3
\BOOKMARK [0][]{chapter.2}{2 Related Work}{}% 4
\BOOKMARK [0][]{chapter.3}{3 Preliminary}{}% 5
\BOOKMARK [1][]{section.3.1}{3.1 Spatio-temporal structures}{chapter.3}% 6
\BOOKMARK [1][]{section.3.2}{3.2 Deep Learning}{chapter.3}% 7
\BOOKMARK [0][]{chapter.4}{4 Methodology}{}% 8
\BOOKMARK [1][]{section.4.1}{4.1 Model Architecture}{chapter.4}% 9
\BOOKMARK [0][]{chapter.5}{5 Implementation Details}{}% 10
\BOOKMARK [1][]{section.5.1}{5.1 Data}{chapter.5}% 11
\BOOKMARK [1][]{section.5.2}{5.2 Training}{chapter.5}% 12
\BOOKMARK [1][]{section.5.3}{5.3 Testing}{chapter.5}% 13
\BOOKMARK [0][]{chapter.6}{6 Evaluation}{}% 14
\BOOKMARK [1][]{section.6.1}{6.1 Contributions of Semantic Cues}{chapter.6}% 15
\BOOKMARK [1][]{section.6.2}{6.2 Fusion Methods}{chapter.6}% 16
\BOOKMARK [1][]{section.6.3}{6.3 ROI Quality}{chapter.6}% 17
\BOOKMARK [1][]{section.6.4}{6.4 Action Categories}{chapter.6}% 18
\BOOKMARK [1][]{section.6.5}{6.5 Comparison with State-of-the-art}{chapter.6}% 19
\BOOKMARK [0][]{chapter.7}{7 Conclusion and Future Work}{}% 20
\BOOKMARK [1][]{section.7.1}{7.1 Conclusion}{chapter.7}% 21
\BOOKMARK [1][]{section.7.2}{7.2 Future Work}{chapter.7}% 22
\BOOKMARK [0][]{appendix.A}{A Appendix}{}% 23
\BOOKMARK [1][]{section.A.1}{A.1 Categorization of UCF101}{appendix.A}% 24
\BOOKMARK [1][]{section.A.2}{A.2 Object Categories in Faster-RCNN}{appendix.A}% 25
\BOOKMARK [1][]{section.A.3}{A.3 Confusion Maps}{appendix.A}% 26
\BOOKMARK [0][]{section*.29}{Bibliography}{}% 27
