\BOOKMARK [0][]{section*.5}{List of Figures}{}% 1
\BOOKMARK [0][]{section*.7}{List of Tables}{}% 2
\BOOKMARK [0][]{chapter.1}{1 Introduction}{}% 3
\BOOKMARK [1][]{section.1.1}{1.1 Action Recognition}{chapter.1}% 4
\BOOKMARK [1][]{section.1.2}{1.2 Objective, Challenge and Contribution}{chapter.1}% 5
\BOOKMARK [1][]{section.1.3}{1.3 Thesis Outline}{chapter.1}% 6
\BOOKMARK [0][]{chapter.2}{2 Related Work}{}% 7
\BOOKMARK [0][]{chapter.3}{3 Preliminary}{}% 8
\BOOKMARK [1][]{section.3.1}{3.1 Deep Learning}{chapter.3}% 9
\BOOKMARK [1][]{section.3.2}{3.2 Dynamic Programming}{chapter.3}% 10
\BOOKMARK [0][]{chapter.4}{4 Methodology}{}% 11
\BOOKMARK [1][]{section.4.1}{4.1 Model Architecture}{chapter.4}% 12
\BOOKMARK [1][]{section.4.2}{4.2 Human Object Detection}{chapter.4}% 13
\BOOKMARK [1][]{section.4.3}{4.3 Merging Unit}{chapter.4}% 14
\BOOKMARK [0][]{chapter.5}{5 Implementation Details}{}% 15
\BOOKMARK [1][]{section.5.1}{5.1 Data}{chapter.5}% 16
\BOOKMARK [1][]{section.5.2}{5.2 Training}{chapter.5}% 17
\BOOKMARK [1][]{section.5.3}{5.3 Testing}{chapter.5}% 18
\BOOKMARK [0][]{chapter.6}{6 Evaluation}{}% 19
\BOOKMARK [1][]{section.6.1}{6.1 Contributions of Semantic Cues}{chapter.6}% 20
\BOOKMARK [1][]{section.6.2}{6.2 Fusion Methods}{chapter.6}% 21
\BOOKMARK [1][]{section.6.3}{6.3 ROI Quality}{chapter.6}% 22
\BOOKMARK [1][]{section.6.4}{6.4 Action Categories}{chapter.6}% 23
\BOOKMARK [1][]{section.6.5}{6.5 Comparison with State-of-the-art}{chapter.6}% 24
\BOOKMARK [0][]{chapter.7}{7 Conclusion and Future Work}{}% 25
\BOOKMARK [1][]{section.7.1}{7.1 Conclusion}{chapter.7}% 26
\BOOKMARK [1][]{section.7.2}{7.2 Future Work}{chapter.7}% 27
\BOOKMARK [0][]{appendix.A}{A Appendix}{}% 28
\BOOKMARK [1][]{section.A.1}{A.1 Categorization of UCF101}{appendix.A}% 29
\BOOKMARK [1][]{section.A.2}{A.2 Object Categories in Faster-RCNN}{appendix.A}% 30
\BOOKMARK [1][]{section.A.3}{A.3 Confusion Maps}{appendix.A}% 31
\BOOKMARK [0][]{section*.65}{Bibliography}{}% 32
